PID 6160 received SIGSEGV for address: 0xa0e1e259
SymInit: Symbol-SearchPath: '.;C:\Users\User\Desktop\deckbufferV2;C:\Program Files\nodejs;C:\Windows;C:\Windows\system32;SRV*C:\websymbols*http://msdl.microsoft.com/download/symbols;', symOptions: 530, UserName: 'User'
OS-Version: 10.0.19041 () 0x100-0x1
c:\users\user\desktop\deckbuffer\node_modules\segfault-handler\src\stackwalker.cpp (924): StackWalker::ShowCallstack
c:\users\user\desktop\deckbuffer\node_modules\segfault-handler\src\segfault-handler.cpp (242): segfault_handler
00007FFC611681CC (ntdll): (filename not available): RtlDeleteAce
00007FFC6113B296 (ntdll): (filename not available): RtlRaiseException
00007FFC6118FC2E (ntdll): (filename not available): KiUserExceptionDispatcher
00007FF6A0E1E259 (node): (filename not available): node::Stop
c:\users\user\desktop\deckbuffer\node_modules\macadam\src\macadam_util.cc (144): rejectStatus
c:\users\user\desktop\deckbuffer\node_modules\macadam\src\playback_promise.cc (1025): displayFrameComplete
00007FF6A0E0DB0C (node): (filename not available): node_module_register
00007FF6A0E99820 (node): (filename not available): uv_timer_stop
00007FF6A0E998F7 (node): (filename not available): uv_timer_stop
00007FF6A0E9612B (node): (filename not available): uv_async_send
00007FF6A0E958BC (node): (filename not available): uv_loop_init
00007FF6A0E95A5A (node): (filename not available): uv_run
00007FF6A0DA0495 (node): (filename not available): v8::internal::OrderedHashTable<v8::internal::OrderedHashSet,1>::NumberOfBucketsOffset
00007FF6A0E151C7 (node): (filename not available): node::Start
00007FF6A0C767CC (node): (filename not available): RC4_options
00007FF6A1C1B1EC (node): (filename not available): v8::internal::compiler::RepresentationChanger::Uint32OverflowOperatorFor
00007FFC5FFA7034 (KERNEL32): (filename not available): BaseThreadInitThunk
00007FFC6113CEC1 (ntdll): (filename not available): RtlUserThreadStart
PID 11584 received SIGSEGV for address: 0xa0e1e259
SymInit: Symbol-SearchPath: '.;C:\Users\User\Desktop\deckbufferV2;C:\Program Files\nodejs;C:\Windows;C:\Windows\system32;SRV*C:\websymbols*http://msdl.microsoft.com/download/symbols;', symOptions: 530, UserName: 'User'
OS-Version: 10.0.19041 () 0x100-0x1
c:\users\user\desktop\deckbuffer\node_modules\segfault-handler\src\stackwalker.cpp (924): StackWalker::ShowCallstack
c:\users\user\desktop\deckbuffer\node_modules\segfault-handler\src\segfault-handler.cpp (242): segfault_handler
00007FFC611681CC (ntdll): (filename not available): RtlDeleteAce
00007FFC6113B296 (ntdll): (filename not available): RtlRaiseException
00007FFC6118FC2E (ntdll): (filename not available): KiUserExceptionDispatcher
00007FF6A0E1E259 (node): (filename not available): node::Stop
c:\users\user\desktop\deckbuffer\node_modules\macadam\src\macadam_util.cc (144): rejectStatus
c:\users\user\desktop\deckbuffer\node_modules\macadam\src\playback_promise.cc (1025): displayFrameComplete
00007FF6A0E0DB0C (node): (filename not available): node_module_register
00007FF6A0E99820 (node): (filename not available): uv_timer_stop
00007FF6A0E998F7 (node): (filename not available): uv_timer_stop
00007FF6A0E9612B (node): (filename not available): uv_async_send
00007FF6A0E958BC (node): (filename not available): uv_loop_init
00007FF6A0E95A5A (node): (filename not available): uv_run
00007FF6A0DA0495 (node): (filename not available): v8::internal::OrderedHashTable<v8::internal::OrderedHashSet,1>::NumberOfBucketsOffset
00007FF6A0E151C7 (node): (filename not available): node::Start
00007FF6A0C767CC (node): (filename not available): RC4_options
00007FF6A1C1B1EC (node): (filename not available): v8::internal::compiler::RepresentationChanger::Uint32OverflowOperatorFor
00007FFC5FFA7034 (KERNEL32): (filename not available): BaseThreadInitThunk
00007FFC6113CEC1 (ntdll): (filename not available): RtlUserThreadStart
